Command line invocation:
    /Applications/Xcode_16.4.app/Contents/Developer/usr/bin/xcodebuild -project AltStore-App/ListeningTraining.xcodeproj -scheme ListeningTraining -configuration Release -sdk iphoneos -derivedDataPath build CODE_SIGNING_ALLOWED=NO CODE_SIGNING_REQUIRED=NO CODE_SIGN_IDENTITY= clean build

Build settings from command line:
    CODE_SIGN_IDENTITY = 
    CODE_SIGNING_ALLOWED = NO
    CODE_SIGNING_REQUIRED = NO
    SDKROOT = iphoneos18.5

--- xcodebuild: WARNING: Using the first of multiple matching destinations:
{ platform:iOS, id:dvtdevice-DVTiPhonePlaceholder-iphoneos:placeholder, name:Any iOS Device }
{ platform:macOS, arch:arm64, variant:Designed for [iPad,iPhone], id:218690f953ac8d42a0642667c1b77b8c77c7b788, name:My Mac }
{ platform:iOS Simulator, id:dvtdevice-DVTiOSDeviceSimulatorPlaceholder-iphonesimulator:placeholder, name:Any iOS Simulator Device }
note: Using codesigning identity override: 
ComputePackagePrebuildTargetDependencyGraph

CreateBuildRequest

SendProjectDescription

CreateBuildOperation

** CLEAN SUCCEEDED **

--- xcodebuild: WARNING: Using the first of multiple matching destinations:
{ platform:iOS, id:dvtdevice-DVTiPhonePlaceholder-iphoneos:placeholder, name:Any iOS Device }
{ platform:macOS, arch:arm64, variant:Designed for [iPad,iPhone], id:218690f953ac8d42a0642667c1b77b8c77c7b788, name:My Mac }
{ platform:iOS Simulator, id:dvtdevice-DVTiOSDeviceSimulatorPlaceholder-iphonesimulator:placeholder, name:Any iOS Simulator Device }
note: Using codesigning identity override: 
ComputePackagePrebuildTargetDependencyGraph

Prepare packages

CreateBuildRequest

SendProjectDescription

CreateBuildOperation

ComputeTargetDependencyGraph
note: Building targets in dependency order
note: Target dependency graph (1 target)
    Target 'ListeningTraining' in project 'ListeningTraining' (no dependencies)

GatherProvisioningInputs

CreateBuildDescription

ExecuteExternalTool /Applications/Xcode_16.4.app/Contents/Developer/usr/bin/actool --print-asset-tag-combinations --output-format xml1 /Users/runner/work/ielts-memory-app/ielts-memory-app/AltStore-App/Assets.xcassets

ExecuteExternalTool /Applications/Xcode_16.4.app/Contents/Developer/Toolchains/XcodeDefault.xctoolchain/usr/bin/clang -v -E -dM -isysroot /Applications/Xcode_16.4.app/Contents/Developer/Platforms/iPhoneOS.platform/Developer/SDKs/iPhoneOS18.5.sdk -x c -c /dev/null

ExecuteExternalTool /Applications/Xcode_16.4.app/Contents/Developer/usr/bin/actool --version --output-format xml1

ExecuteExternalTool /Applications/Xcode_16.4.app/Contents/Developer/Toolchains/XcodeDefault.xctoolchain/usr/bin/swiftc --version

ExecuteExternalTool /Applications/Xcode_16.4.app/Contents/Developer/Toolchains/XcodeDefault.xctoolchain/usr/bin/ld -version_details

Build description signature: a96985e0bc21366b7aba9f6bf34a8ff7
Build description path: /Users/runner/work/ielts-memory-app/ielts-memory-app/build/Build/Intermediates.noindex/XCBuildData/a96985e0bc21366b7aba9f6bf34a8ff7.xcbuilddata
CreateBuildDirectory /Users/runner/work/ielts-memory-app/ielts-memory-app/build/Build/Products
    cd /Users/runner/work/ielts-memory-app/ielts-memory-app/AltStore-App/ListeningTraining.xcodeproj
    builtin-create-build-directory /Users/runner/work/ielts-memory-app/ielts-memory-app/build/Build/Products

CreateBuildDirectory /Users/runner/work/ielts-memory-app/ielts-memory-app/build/Build/Intermediates.noindex
    cd /Users/runner/work/ielts-memory-app/ielts-memory-app/AltStore-App/ListeningTraining.xcodeproj
    builtin-create-build-directory /Users/runner/work/ielts-memory-app/ielts-memory-app/build/Build/Intermediates.noindex

ClangStatCache /Applications/Xcode_16.4.app/Contents/Developer/Toolchains/XcodeDefault.xctoolchain/usr/bin/clang-stat-cache /Applications/Xcode_16.4.app/Contents/Developer/Platforms/iPhoneOS.platform/Developer/SDKs/iPhoneOS18.5.sdk /Users/runner/work/ielts-memory-app/ielts-memory-app/build/SDKStatCaches.noindex/iphoneos18.5-22F76-a529daf784b3616c7c04a36aeb7f5c05.sdkstatcache
    cd /Users/runner/work/ielts-memory-app/ielts-memory-app/AltStore-App/ListeningTraining.xcodeproj
    /Applications/Xcode_16.4.app/Contents/Developer/Toolchains/XcodeDefault.xctoolchain/usr/bin/clang-stat-cache /Applications/Xcode_16.4.app/Contents/Developer/Platforms/iPhoneOS.platform/Developer/SDKs/iPhoneOS18.5.sdk -o /Users/runner/work/ielts-memory-app/ielts-memory-app/build/SDKStatCaches.noindex/iphoneos18.5-22F76-a529daf784b3616c7c04a36aeb7f5c05.sdkstatcache

WriteAuxiliaryFile /Users/runner/work/ielts-memory-app/ielts-memory-app/build/Build/Intermediates.noindex/ListeningTraining.build/Release-iphoneos/ListeningTraining-51309c09ce88d23fa17144113e02ff6f-VFS-iphoneos/all-product-headers.yaml
    cd /Users/runner/work/ielts-memory-app/ielts-memory-app/AltStore-App/ListeningTraining.xcodeproj
    write-file /Users/runner/work/ielts-memory-app/ielts-memory-app/build/Build/Intermediates.noindex/ListeningTraining.build/Release-iphoneos/ListeningTraining-51309c09ce88d23fa17144113e02ff6f-VFS-iphoneos/all-product-headers.yaml

CreateBuildDirectory /Users/runner/work/ielts-memory-app/ielts-memory-app/build/Build/Products/Release-iphoneos
    cd /Users/runner/work/ielts-memory-app/ielts-memory-app/AltStore-App/ListeningTraining.xcodeproj
    builtin-create-build-directory /Users/runner/work/ielts-memory-app/ielts-memory-app/build/Build/Products/Release-iphoneos

CreateBuildDirectory /Users/runner/work/ielts-memory-app/ielts-memory-app/build/Build/Intermediates.noindex/EagerLinkingTBDs/Release-iphoneos
    cd /Users/runner/work/ielts-memory-app/ielts-memory-app/AltStore-App/ListeningTraining.xcodeproj
    builtin-create-build-directory /Users/runner/work/ielts-memory-app/ielts-memory-app/build/Build/Intermediates.noindex/EagerLinkingTBDs/Release-iphoneos

WriteAuxiliaryFile /Users/runner/work/ielts-memory-app/ielts-memory-app/build/Build/Intermediates.noindex/ListeningTraining.build/Release-iphoneos/ListeningTraining.build/empty-ListeningTraining.plist (in target 'ListeningTraining' from project 'ListeningTraining')
    cd /Users/runner/work/ielts-memory-app/ielts-memory-app/AltStore-App
    write-file /Users/runner/work/ielts-memory-app/ielts-memory-app/build/Build/Intermediates.noindex/ListeningTraining.build/Release-iphoneos/ListeningTraining.build/empty-ListeningTraining.plist

WriteAuxiliaryFile /Users/runner/work/ielts-memory-app/ielts-memory-app/build/Build/Intermediates.noindex/ListeningTraining.build/Release-iphoneos/ListeningTraining.build/Objects-normal/arm64/ListeningTraining_const_extract_protocols.json (in target 'ListeningTraining' from project 'ListeningTraining')
    cd /Users/runner/work/ielts-memory-app/ielts-memory-app/AltStore-App
    write-file /Users/runner/work/ielts-memory-app/ielts-memory-app/build/Build/Intermediates.noindex/ListeningTraining.build/Release-iphoneos/ListeningTraining.build/Objects-normal/arm64/ListeningTraining_const_extract_protocols.json

WriteAuxiliaryFile /Users/runner/work/ielts-memory-app/ielts-memory-app/build/Build/Intermediates.noindex/ListeningTraining.build/Release-iphoneos/ListeningTraining.build/Objects-normal/arm64/ListeningTraining.SwiftFileList (in target 'ListeningTraining' from project 'ListeningTraining')
    cd /Users/runner/work/ielts-memory-app/ielts-memory-app/AltStore-App
    write-file /Users/runner/work/ielts-memory-app/ielts-memory-app/build/Build/Intermediates.noindex/ListeningTraining.build/Release-iphoneos/ListeningTraining.build/Objects-normal/arm64/ListeningTraining.SwiftFileList

WriteAuxiliaryFile /Users/runner/work/ielts-memory-app/ielts-memory-app/build/Build/Intermediates.noindex/ListeningTraining.build/Release-iphoneos/ListeningTraining.build/Objects-normal/arm64/ListeningTraining.SwiftConstValuesFileList (in target 'ListeningTraining' from project 'ListeningTraining')
    cd /Users/runner/work/ielts-memory-app/ielts-memory-app/AltStore-App
    write-file /Users/runner/work/ielts-memory-app/ielts-memory-app/build/Build/Intermediates.noindex/ListeningTraining.build/Release-iphoneos/ListeningTraining.build/Objects-normal/arm64/ListeningTraining.SwiftConstValuesFileList

WriteAuxiliaryFile /Users/runner/work/ielts-memory-app/ielts-memory-app/build/Build/Intermediates.noindex/ListeningTraining.build/Release-iphoneos/ListeningTraining.build/Objects-normal/arm64/ListeningTraining.LinkFileList (in target 'ListeningTraining' from project 'ListeningTraining')
    cd /Users/runner/work/ielts-memory-app/ielts-memory-app/AltStore-App
    write-file /Users/runner/work/ielts-memory-app/ielts-memory-app/build/Build/Intermediates.noindex/ListeningTraining.build/Release-iphoneos/ListeningTraining.build/Objects-normal/arm64/ListeningTraining.LinkFileList

WriteAuxiliaryFile /Users/runner/work/ielts-memory-app/ielts-memory-app/build/Build/Intermediates.noindex/ListeningTraining.build/Release-iphoneos/ListeningTraining.build/Objects-normal/arm64/ListeningTraining-OutputFileMap.json (in target 'ListeningTraining' from project 'ListeningTraining')
    cd /Users/runner/work/ielts-memory-app/ielts-memory-app/AltStore-App
    write-file /Users/runner/work/ielts-memory-app/ielts-memory-app/build/Build/Intermediates.noindex/ListeningTraining.build/Release-iphoneos/ListeningTraining.build/Objects-normal/arm64/ListeningTraining-OutputFileMap.json

WriteAuxiliaryFile /Users/runner/work/ielts-memory-app/ielts-memory-app/build/Build/Intermediates.noindex/ListeningTraining.build/Release-iphoneos/ListeningTraining.build/ListeningTraining.hmap (in target 'ListeningTraining' from project 'ListeningTraining')
    cd /Users/runner/work/ielts-memory-app/ielts-memory-app/AltStore-App
    write-file /Users/runner/work/ielts-memory-app/ielts-memory-app/build/Build/Intermediates.noindex/ListeningTraining.build/Release-iphoneos/ListeningTraining.build/ListeningTraining.hmap

WriteAuxiliaryFile /Users/runner/work/ielts-memory-app/ielts-memory-app/build/Build/Intermediates.noindex/ListeningTraining.build/Release-iphoneos/ListeningTraining.build/ListeningTraining.DependencyStaticMetadataFileList (in target 'ListeningTraining' from project 'ListeningTraining')
    cd /Users/runner/work/ielts-memory-app/ielts-memory-app/AltStore-App
    write-file /Users/runner/work/ielts-memory-app/ielts-memory-app/build/Build/Intermediates.noindex/ListeningTraining.build/Release-iphoneos/ListeningTraining.build/ListeningTraining.DependencyStaticMetadataFileList

WriteAuxiliaryFile /Users/runner/work/ielts-memory-app/ielts-memory-app/build/Build/Intermediates.noindex/ListeningTraining.build/Release-iphoneos/ListeningTraining.build/ListeningTraining.DependencyMetadataFileList (in target 'ListeningTraining' from project 'ListeningTraining')
    cd /Users/runner/work/ielts-memory-app/ielts-memory-app/AltStore-App
    write-file /Users/runner/work/ielts-memory-app/ielts-memory-app/build/Build/Intermediates.noindex/ListeningTraining.build/Release-iphoneos/ListeningTraining.build/ListeningTraining.DependencyMetadataFileList

WriteAuxiliaryFile /Users/runner/work/ielts-memory-app/ielts-memory-app/build/Build/Intermediates.noindex/ListeningTraining.build/Release-iphoneos/ListeningTraining.build/ListeningTraining-project-headers.hmap (in target 'ListeningTraining' from project 'ListeningTraining')
    cd /Users/runner/work/ielts-memory-app/ielts-memory-app/AltStore-App
    write-file /Users/runner/work/ielts-memory-app/ielts-memory-app/build/Build/Intermediates.noindex/ListeningTraining.build/Release-iphoneos/ListeningTraining.build/ListeningTraining-project-headers.hmap

WriteAuxiliaryFile /Users/runner/work/ielts-memory-app/ielts-memory-app/build/Build/Intermediates.noindex/ListeningTraining.build/Release-iphoneos/ListeningTraining.build/ListeningTraining-own-target-headers.hmap (in target 'ListeningTraining' from project 'ListeningTraining')
    cd /Users/runner/work/ielts-memory-app/ielts-memory-app/AltStore-App
    write-file /Users/runner/work/ielts-memory-app/ielts-memory-app/build/Build/Intermediates.noindex/ListeningTraining.build/Release-iphoneos/ListeningTraining.build/ListeningTraining-own-target-headers.hmap

WriteAuxiliaryFile /Users/runner/work/ielts-memory-app/ielts-memory-app/build/Build/Intermediates.noindex/ListeningTraining.build/Release-iphoneos/ListeningTraining.build/ListeningTraining-generated-files.hmap (in target 'ListeningTraining' from project 'ListeningTraining')
    cd /Users/runner/work/ielts-memory-app/ielts-memory-app/AltStore-App
    write-file /Users/runner/work/ielts-memory-app/ielts-memory-app/build/Build/Intermediates.noindex/ListeningTraining.build/Release-iphoneos/ListeningTraining.build/ListeningTraining-generated-files.hmap

WriteAuxiliaryFile /Users/runner/work/ielts-memory-app/ielts-memory-app/build/Build/Intermediates.noindex/ListeningTraining.build/Release-iphoneos/ListeningTraining.build/ListeningTraining-all-target-headers.hmap (in target 'ListeningTraining' from project 'ListeningTraining')
    cd /Users/runner/work/ielts-memory-app/ielts-memory-app/AltStore-App
    write-file /Users/runner/work/ielts-memory-app/ielts-memory-app/build/Build/Intermediates.noindex/ListeningTraining.build/Release-iphoneos/ListeningTraining.build/ListeningTraining-all-target-headers.hmap

WriteAuxiliaryFile /Users/runner/work/ielts-memory-app/ielts-memory-app/build/Build/Intermediates.noindex/ListeningTraining.build/Release-iphoneos/ListeningTraining.build/ListeningTraining-all-non-framework-target-headers.hmap (in target 'ListeningTraining' from project 'ListeningTraining')
    cd /Users/runner/work/ielts-memory-app/ielts-memory-app/AltStore-App
    write-file /Users/runner/work/ielts-memory-app/ielts-memory-app/build/Build/Intermediates.noindex/ListeningTraining.build/Release-iphoneos/ListeningTraining.build/ListeningTraining-all-non-framework-target-headers.hmap

MkDir /Users/runner/work/ielts-memory-app/ielts-memory-app/build/Build/Products/Release-iphoneos/ListeningTraining.app (in target 'ListeningTraining' from project 'ListeningTraining')
    cd /Users/runner/work/ielts-memory-app/ielts-memory-app/AltStore-App
    /bin/mkdir -p /Users/runner/work/ielts-memory-app/ielts-memory-app/build/Build/Products/Release-iphoneos/ListeningTraining.app

MkDir /Users/runner/work/ielts-memory-app/ielts-memory-app/build/Build/Intermediates.noindex/ListeningTraining.build/Release-iphoneos/ListeningTraining.build/assetcatalog_output/unthinned (in target 'ListeningTraining' from project 'ListeningTraining')
    cd /Users/runner/work/ielts-memory-app/ielts-memory-app/AltStore-App
    /bin/mkdir -p /Users/runner/work/ielts-memory-app/ielts-memory-app/build/Build/Intermediates.noindex/ListeningTraining.build/Release-iphoneos/ListeningTraining.build/assetcatalog_output/unthinned

MkDir /Users/runner/work/ielts-memory-app/ielts-memory-app/build/Build/Intermediates.noindex/ListeningTraining.build/Release-iphoneos/ListeningTraining.build/assetcatalog_output/thinned (in target 'ListeningTraining' from project 'ListeningTraining')
    cd /Users/runner/work/ielts-memory-app/ielts-memory-app/AltStore-App
    /bin/mkdir -p /Users/runner/work/ielts-memory-app/ielts-memory-app/build/Build/Intermediates.noindex/ListeningTraining.build/Release-iphoneos/ListeningTraining.build/assetcatalog_output/thinned

GenerateAssetSymbols /Users/runner/work/ielts-memory-app/ielts-memory-app/AltStore-App/Assets.xcassets (in target 'ListeningTraining' from project 'ListeningTraining')
    cd /Users/runner/work/ielts-memory-app/ielts-memory-app/AltStore-App
    /Applications/Xcode_16.4.app/Contents/Developer/usr/bin/actool /Users/runner/work/ielts-memory-app/ielts-memory-app/AltStore-App/Assets.xcassets --compile /Users/runner/work/ielts-memory-app/ielts-memory-app/build/Build/Products/Release-iphoneos/ListeningTraining.app --output-format human-readable-text --notices --warnings --export-dependency-info /Users/runner/work/ielts-memory-app/ielts-memory-app/build/Build/Intermediates.noindex/ListeningTraining.build/Release-iphoneos/ListeningTraining.build/assetcatalog_dependencies --output-partial-info-plist /Users/runner/work/ielts-memory-app/ielts-memory-app/build/Build/Intermediates.noindex/ListeningTraining.build/Release-iphoneos/ListeningTraining.build/assetcatalog_generated_info.plist --app-icon AppIcon --compress-pngs --enable-on-demand-resources YES --development-region en --target-device iphone --minimum-deployment-target 16.0 --platform iphoneos --bundle-identifier com.personal.listeningtraining --generate-swift-asset-symbol-extensions NO --generate-swift-asset-symbols /Users/runner/work/ielts-memory-app/ielts-memory-app/build/Build/Intermediates.noindex/ListeningTraining.build/Release-iphoneos/ListeningTraining.build/DerivedSources/GeneratedAssetSymbols.swift --generate-objc-asset-symbols /Users/runner/work/ielts-memory-app/ielts-memory-app/build/Build/Intermediates.noindex/ListeningTraining.build/Release-iphoneos/ListeningTraining.build/DerivedSources/GeneratedAssetSymbols.h --generate-asset-symbol-index /Users/runner/work/ielts-memory-app/ielts-memory-app/build/Build/Intermediates.noindex/ListeningTraining.build/Release-iphoneos/ListeningTraining.build/DerivedSources/GeneratedAssetSymbols-Index.plist
/* com.apple.actool.compilation-results */
/Users/runner/work/ielts-memory-app/ielts-memory-app/build/Build/Intermediates.noindex/ListeningTraining.build/Release-iphoneos/ListeningTraining.build/DerivedSources/GeneratedAssetSymbols-Index.plist
/Users/runner/work/ielts-memory-app/ielts-memory-app/build/Build/Intermediates.noindex/ListeningTraining.build/Release-iphoneos/ListeningTraining.build/DerivedSources/GeneratedAssetSymbols.h
/Users/runner/work/ielts-memory-app/ielts-memory-app/build/Build/Intermediates.noindex/ListeningTraining.build/Release-iphoneos/ListeningTraining.build/DerivedSources/GeneratedAssetSymbols.swift


CpResource /Users/runner/work/ielts-memory-app/ielts-memory-app/build/Build/Products/Release-iphoneos/ListeningTraining.app/Web /Users/runner/work/ielts-memory-app/ielts-memory-app/AltStore-App/Web (in target 'ListeningTraining' from project 'ListeningTraining')
    cd /Users/runner/work/ielts-memory-app/ielts-memory-app/AltStore-App
    builtin-copy -exclude .DS_Store -exclude CVS -exclude .svn -exclude .git -exclude .hg -resolve-src-symlinks /Users/runner/work/ielts-memory-app/ielts-memory-app/AltStore-App/Web /Users/runner/work/ielts-memory-app/ielts-memory-app/build/Build/Products/Release-iphoneos/ListeningTraining.app

CompileAssetCatalogVariant thinned /Users/runner/work/ielts-memory-app/ielts-memory-app/build/Build/Products/Release-iphoneos/ListeningTraining.app /Users/runner/work/ielts-memory-app/ielts-memory-app/AltStore-App/Assets.xcassets (in target 'ListeningTraining' from project 'ListeningTraining')
    cd /Users/runner/work/ielts-memory-app/ielts-memory-app/AltStore-App
    /Applications/Xcode_16.4.app/Contents/Developer/usr/bin/actool /Users/runner/work/ielts-memory-app/ielts-memory-app/AltStore-App/Assets.xcassets --compile /Users/runner/work/ielts-memory-app/ielts-memory-app/build/Build/Intermediates.noindex/ListeningTraining.build/Release-iphoneos/ListeningTraining.build/assetcatalog_output/thinned --output-format human-readable-text --notices --warnings --export-dependency-info /Users/runner/work/ielts-memory-app/ielts-memory-app/build/Build/Intermediates.noindex/ListeningTraining.build/Release-iphoneos/ListeningTraining.build/assetcatalog_dependencies_thinned --output-partial-info-plist /Users/runner/work/ielts-memory-app/ielts-memory-app/build/Build/Intermediates.noindex/ListeningTraining.build/Release-iphoneos/ListeningTraining.build/assetcatalog_generated_info.plist_thinned --app-icon AppIcon --compress-pngs --enable-on-demand-resources YES --development-region en --target-device iphone --minimum-deployment-target 16.0 --platform iphoneos
/* com.apple.actool.compilation-results */
/Users/runner/work/ielts-memory-app/ielts-memory-app/build/Build/Intermediates.noindex/ListeningTraining.build/Release-iphoneos/ListeningTraining.build/assetcatalog_generated_info.plist_thinned
/Users/runner/work/ielts-memory-app/ielts-memory-app/build/Build/Intermediates.noindex/ListeningTraining.build/Release-iphoneos/ListeningTraining.build/assetcatalog_output/thinned/AppIcon60x60@2x.png
/Users/runner/work/ielts-memory-app/ielts-memory-app/build/Build/Intermediates.noindex/ListeningTraining.build/Release-iphoneos/ListeningTraining.build/assetcatalog_output/thinned/AppIcon76x76@2x~ipad.png
/Users/runner/work/ielts-memory-app/ielts-memory-app/build/Build/Intermediates.noindex/ListeningTraining.build/Release-iphoneos/ListeningTraining.build/assetcatalog_output/thinned/Assets.car


SwiftDriver ListeningTraining normal arm64 com.apple.xcode.tools.swift.compiler (in target 'ListeningTraining' from project 'ListeningTraining')
    cd /Users/runner/work/ielts-memory-app/ielts-memory-app/AltStore-App
    builtin-SwiftDriver -- /Applications/Xcode_16.4.app/Contents/Developer/Toolchains/XcodeDefault.xctoolchain/usr/bin/swiftc -module-name ListeningTraining -O -whole-module-optimization -enforce-exclusivity\=checked @/Users/runner/work/ielts-memory-app/ielts-memory-app/build/Build/Intermediates.noindex/ListeningTraining.build/Release-iphoneos/ListeningTraining.build/Objects-normal/arm64/ListeningTraining.SwiftFileList -enable-bare-slash-regex -enable-experimental-feature DebugDescriptionMacro -sdk /Applications/Xcode_16.4.app/Contents/Developer/Platforms/iPhoneOS.platform/Developer/SDKs/iPhoneOS18.5.sdk -target arm64-apple-ios16.0 -g -module-cache-path /Users/runner/work/ielts-memory-app/ielts-memory-app/build/ModuleCache.noindex -Xfrontend -serialize-debugging-options -swift-version 5 -I /Users/runner/work/ielts-memory-app/ielts-memory-app/build/Build/Products/Release-iphoneos -F /Users/runner/work/ielts-memory-app/ielts-memory-app/build/Build/Products/Release-iphoneos -c -num-threads 3 -Xcc -ivfsstatcache -Xcc /Users/runner/work/ielts-memory-app/ielts-memory-app/build/SDKStatCaches.noindex/iphoneos18.5-22F76-a529daf784b3616c7c04a36aeb7f5c05.sdkstatcache -output-file-map /Users/runner/work/ielts-memory-app/ielts-memory-app/build/Build/Intermediates.noindex/ListeningTraining.build/Release-iphoneos/ListeningTraining.build/Objects-normal/arm64/ListeningTraining-OutputFileMap.json -use-frontend-parseable-output -save-temps -no-color-diagnostics -serialize-diagnostics -emit-dependencies -emit-module -emit-module-path /Users/runner/work/ielts-memory-app/ielts-memory-app/build/Build/Intermediates.noindex/ListeningTraining.build/Release-iphoneos/ListeningTraining.build/Objects-normal/arm64/ListeningTraining.swiftmodule -validate-clang-modules-once -clang-build-session-file /Users/runner/work/ielts-memory-app/ielts-memory-app/build/ModuleCache.noindex/Session.modulevalidation -Xcc -I/Users/runner/work/ielts-memory-app/ielts-memory-app/build/Build/Intermediates.noindex/ListeningTraining.build/Release-iphoneos/ListeningTraining.build/swift-overrides.hmap -emit-const-values -Xfrontend -const-gather-protocols-file -Xfrontend /Users/runner/work/ielts-memory-app/ielts-memory-app/build/Build/Intermediates.noindex/ListeningTraining.build/Release-iphoneos/ListeningTraining.build/Objects-normal/arm64/ListeningTraining_const_extract_protocols.json -Xcc -iquote -Xcc /Users/runner/work/ielts-memory-app/ielts-memory-app/build/Build/Intermediates.noindex/ListeningTraining.build/Release-iphoneos/ListeningTraining.build/ListeningTraining-generated-files.hmap -Xcc -I/Users/runner/work/ielts-memory-app/ielts-memory-app/build/Build/Intermediates.noindex/ListeningTraining.build/Release-iphoneos/ListeningTraining.build/ListeningTraining-own-target-headers.hmap -Xcc -I/Users/runner/work/ielts-memory-app/ielts-memory-app/build/Build/Intermediates.noindex/ListeningTraining.build/Release-iphoneos/ListeningTraining.build/ListeningTraining-all-target-headers.hmap -Xcc -iquote -Xcc /Users/runner/work/ielts-memory-app/ielts-memory-app/build/Build/Intermediates.noindex/ListeningTraining.build/Release-iphoneos/ListeningTraining.build/ListeningTraining-project-headers.hmap -Xcc -I/Users/runner/work/ielts-memory-app/ielts-memory-app/build/Build/Products/Release-iphoneos/include -Xcc -I/Users/runner/work/ielts-memory-app/ielts-memory-app/build/Build/Intermediates.noindex/ListeningTraining.build/Release-iphoneos/ListeningTraining.build/DerivedSources-normal/arm64 -Xcc -I/Users/runner/work/ielts-memory-app/ielts-memory-app/build/Build/Intermediates.noindex/ListeningTraining.build/Release-iphoneos/ListeningTraining.build/DerivedSources/arm64 -Xcc -I/Users/runner/work/ielts-memory-app/ielts-memory-app/build/Build/Intermediates.noindex/ListeningTraining.build/Release-iphoneos/ListeningTraining.build/DerivedSources -emit-objc-header -emit-objc-header-path /Users/runner/work/ielts-memory-app/ielts-memory-app/build/Build/Intermediates.noindex/ListeningTraining.build/Release-iphoneos/ListeningTraining.build/Objects-normal/arm64/ListeningTraining-Swift.h -working-directory /Users/runner/work/ielts-memory-app/ielts-memory-app/AltStore-App -no-emit-module-separately-wmo

SwiftCompile normal arm64 Compiling\ ContentView.swift,\ IELTSMemoryApp.swift,\ LocalSchemeHandler.swift,\ GeneratedAssetSymbols.swift /Users/runner/work/ielts-memory-app/ielts-memory-app/AltStore-App/Sources/ContentView.swift /Users/runner/work/ielts-memory-app/ielts-memory-app/AltStore-App/Sources/IELTSMemoryApp.swift /Users/runner/work/ielts-memory-app/ielts-memory-app/AltStore-App/Sources/LocalSchemeHandler.swift /Users/runner/work/ielts-memory-app/ielts-memory-app/build/Build/Intermediates.noindex/ListeningTraining.build/Release-iphoneos/ListeningTraining.build/DerivedSources/GeneratedAssetSymbols.swift (in target 'ListeningTraining' from project 'ListeningTraining')

CompileSwift normal arm64 (in target 'ListeningTraining' from project 'ListeningTraining')
    cd /Users/runner/work/ielts-memory-app/ielts-memory-app/AltStore-App
    

SwiftDriver\ Compilation ListeningTraining normal arm64 com.apple.xcode.tools.swift.compiler (in target 'ListeningTraining' from project 'ListeningTraining')
    cd /Users/runner/work/ielts-memory-app/ielts-memory-app/AltStore-App
    builtin-Swift-Compilation -- /Applications/Xcode_16.4.app/Contents/Developer/Toolchains/XcodeDefault.xctoolchain/usr/bin/swiftc -module-name ListeningTraining -O -whole-module-optimization -enforce-exclusivity\=checked @/Users/runner/work/ielts-memory-app/ielts-memory-app/build/Build/Intermediates.noindex/ListeningTraining.build/Release-iphoneos/ListeningTraining.build/Objects-normal/arm64/ListeningTraining.SwiftFileList -enable-bare-slash-regex -enable-experimental-feature DebugDescriptionMacro -sdk /Applications/Xcode_16.4.app/Contents/Developer/Platforms/iPhoneOS.platform/Developer/SDKs/iPhoneOS18.5.sdk -target arm64-apple-ios16.0 -g -module-cache-path /Users/runner/work/ielts-memory-app/ielts-memory-app/build/ModuleCache.noindex -Xfrontend -serialize-debugging-options -swift-version 5 -I /Users/runner/work/ielts-memory-app/ielts-memory-app/build/Build/Products/Release-iphoneos -F /Users/runner/work/ielts-memory-app/ielts-memory-app/build/Build/Products/Release-iphoneos -c -num-threads 3 -Xcc -ivfsstatcache -Xcc /Users/runner/work/ielts-memory-app/ielts-memory-app/build/SDKStatCaches.noindex/iphoneos18.5-22F76-a529daf784b3616c7c04a36aeb7f5c05.sdkstatcache -output-file-map /Users/runner/work/ielts-memory-app/ielts-memory-app/build/Build/Intermediates.noindex/ListeningTraining.build/Release-iphoneos/ListeningTraining.build/Objects-normal/arm64/ListeningTraining-OutputFileMap.json -use-frontend-parseable-output -save-temps -no-color-diagnostics -serialize-diagnostics -emit-dependencies -emit-module -emit-module-path /Users/runner/work/ielts-memory-app/ielts-memory-app/build/Build/Intermediates.noindex/ListeningTraining.build/Release-iphoneos/ListeningTraining.build/Objects-normal/arm64/ListeningTraining.swiftmodule -validate-clang-modules-once -clang-build-session-file /Users/runner/work/ielts-memory-app/ielts-memory-app/build/ModuleCache.noindex/Session.modulevalidation -Xcc -I/Users/runner/work/ielts-memory-app/ielts-memory-app/build/Build/Intermediates.noindex/ListeningTraining.build/Release-iphoneos/ListeningTraining.build/swift-overrides.hmap -emit-const-values -Xfrontend -const-gather-protocols-file -Xfrontend /Users/runner/work/ielts-memory-app/ielts-memory-app/build/Build/Intermediates.noindex/ListeningTraining.build/Release-iphoneos/ListeningTraining.build/Objects-normal/arm64/ListeningTraining_const_extract_protocols.json -Xcc -iquote -Xcc /Users/runner/work/ielts-memory-app/ielts-memory-app/build/Build/Intermediates.noindex/ListeningTraining.build/Release-iphoneos/ListeningTraining.build/ListeningTraining-generated-files.hmap -Xcc -I/Users/runner/work/ielts-memory-app/ielts-memory-app/build/Build/Intermediates.noindex/ListeningTraining.build/Release-iphoneos/ListeningTraining.build/ListeningTraining-own-target-headers.hmap -Xcc -I/Users/runner/work/ielts-memory-app/ielts-memory-app/build/Build/Intermediates.noindex/ListeningTraining.build/Release-iphoneos/ListeningTraining.build/ListeningTraining-all-target-headers.hmap -Xcc -iquote -Xcc /Users/runner/work/ielts-memory-app/ielts-memory-app/build/Build/Intermediates.noindex/ListeningTraining.build/Release-iphoneos/ListeningTraining.build/ListeningTraining-project-headers.hmap -Xcc -I/Users/runner/work/ielts-memory-app/ielts-memory-app/build/Build/Products/Release-iphoneos/include -Xcc -I/Users/runner/work/ielts-memory-app/ielts-memory-app/build/Build/Intermediates.noindex/ListeningTraining.build/Release-iphoneos/ListeningTraining.build/DerivedSources-normal/arm64 -Xcc -I/Users/runner/work/ielts-memory-app/ielts-memory-app/build/Build/Intermediates.noindex/ListeningTraining.build/Release-iphoneos/ListeningTraining.build/DerivedSources/arm64 -Xcc -I/Users/runner/work/ielts-memory-app/ielts-memory-app/build/Build/Intermediates.noindex/ListeningTraining.build/Release-iphoneos/ListeningTraining.build/DerivedSources -emit-objc-header -emit-objc-header-path /Users/runner/work/ielts-memory-app/ielts-memory-app/build/Build/Intermediates.noindex/ListeningTraining.build/Release-iphoneos/ListeningTraining.build/Objects-normal/arm64/ListeningTraining-Swift.h -working-directory /Users/runner/work/ielts-memory-app/ielts-memory-app/AltStore-App -no-emit-module-separately-wmo

SwiftDriverJobDiscovery normal arm64 Compiling ContentView.swift, IELTSMemoryApp.swift, LocalSchemeHandler.swift, GeneratedAssetSymbols.swift (in target 'ListeningTraining' from project 'ListeningTraining')

SwiftDriver\ Compilation\ Requirements ListeningTraining normal arm64 com.apple.xcode.tools.swift.compiler (in target 'ListeningTraining' from project 'ListeningTraining')
    cd /Users/runner/work/ielts-memory-app/ielts-memory-app/AltStore-App
    builtin-Swift-Compilation-Requirements -- /Applications/Xcode_16.4.app/Contents/Developer/Toolchains/XcodeDefault.xctoolchain/usr/bin/swiftc -module-name ListeningTraining -O -whole-module-optimization -enforce-exclusivity\=checked @/Users/runner/work/ielts-memory-app/ielts-memory-app/build/Build/Intermediates.noindex/ListeningTraining.build/Release-iphoneos/ListeningTraining.build/Objects-normal/arm64/ListeningTraining.SwiftFileList -enable-bare-slash-regex -enable-experimental-feature DebugDescriptionMacro -sdk /Applications/Xcode_16.4.app/Contents/Developer/Platforms/iPhoneOS.platform/Developer/SDKs/iPhoneOS18.5.sdk -target arm64-apple-ios16.0 -g -module-cache-path /Users/runner/work/ielts-memory-app/ielts-memory-app/build/ModuleCache.noindex -Xfrontend -serialize-debugging-options -swift-version 5 -I /Users/runner/work/ielts-memory-app/ielts-memory-app/build/Build/Products/Release-iphoneos -F /Users/runner/work/ielts-memory-app/ielts-memory-app/build/Build/Products/Release-iphoneos -c -num-threads 3 -Xcc -ivfsstatcache -Xcc /Users/runner/work/ielts-memory-app/ielts-memory-app/build/SDKStatCaches.noindex/iphoneos18.5-22F76-a529daf784b3616c7c04a36aeb7f5c05.sdkstatcache -output-file-map /Users/runner/work/ielts-memory-app/ielts-memory-app/build/Build/Intermediates.noindex/ListeningTraining.build/Release-iphoneos/ListeningTraining.build/Objects-normal/arm64/ListeningTraining-OutputFileMap.json -use-frontend-parseable-output -save-temps -no-color-diagnostics -serialize-diagnostics -emit-dependencies -emit-module -emit-module-path /Users/runner/work/ielts-memory-app/ielts-memory-app/build/Build/Intermediates.noindex/ListeningTraining.build/Release-iphoneos/ListeningTraining.build/Objects-normal/arm64/ListeningTraining.swiftmodule -validate-clang-modules-once -clang-build-session-file /Users/runner/work/ielts-memory-app/ielts-memory-app/build/ModuleCache.noindex/Session.modulevalidation -Xcc -I/Users/runner/work/ielts-memory-app/ielts-memory-app/build/Build/Intermediates.noindex/ListeningTraining.build/Release-iphoneos/ListeningTraining.build/swift-overrides.hmap -emit-const-values -Xfrontend -const-gather-protocols-file -Xfrontend /Users/runner/work/ielts-memory-app/ielts-memory-app/build/Build/Intermediates.noindex/ListeningTraining.build/Release-iphoneos/ListeningTraining.build/Objects-normal/arm64/ListeningTraining_const_extract_protocols.json -Xcc -iquote -Xcc /Users/runner/work/ielts-memory-app/ielts-memory-app/build/Build/Intermediates.noindex/ListeningTraining.build/Release-iphoneos/ListeningTraining.build/ListeningTraining-generated-files.hmap -Xcc -I/Users/runner/work/ielts-memory-app/ielts-memory-app/build/Build/Intermediates.noindex/ListeningTraining.build/Release-iphoneos/ListeningTraining.build/ListeningTraining-own-target-headers.hmap -Xcc -I/Users/runner/work/ielts-memory-app/ielts-memory-app/build/Build/Intermediates.noindex/ListeningTraining.build/Release-iphoneos/ListeningTraining.build/ListeningTraining-all-target-headers.hmap -Xcc -iquote -Xcc /Users/runner/work/ielts-memory-app/ielts-memory-app/build/Build/Intermediates.noindex/ListeningTraining.build/Release-iphoneos/ListeningTraining.build/ListeningTraining-project-headers.hmap -Xcc -I/Users/runner/work/ielts-memory-app/ielts-memory-app/build/Build/Products/Release-iphoneos/include -Xcc -I/Users/runner/work/ielts-memory-app/ielts-memory-app/build/Build/Intermediates.noindex/ListeningTraining.build/Release-iphoneos/ListeningTraining.build/DerivedSources-normal/arm64 -Xcc -I/Users/runner/work/ielts-memory-app/ielts-memory-app/build/Build/Intermediates.noindex/ListeningTraining.build/Release-iphoneos/ListeningTraining.build/DerivedSources/arm64 -Xcc -I/Users/runner/work/ielts-memory-app/ielts-memory-app/build/Build/Intermediates.noindex/ListeningTraining.build/Release-iphoneos/ListeningTraining.build/DerivedSources -emit-objc-header -emit-objc-header-path /Users/runner/work/ielts-memory-app/ielts-memory-app/build/Build/Intermediates.noindex/ListeningTraining.build/Release-iphoneos/ListeningTraining.build/Objects-normal/arm64/ListeningTraining-Swift.h -working-directory /Users/runner/work/ielts-memory-app/ielts-memory-app/AltStore-App -no-emit-module-separately-wmo

SwiftMergeGeneratedHeaders /Users/runner/work/ielts-memory-app/ielts-memory-app/build/Build/Intermediates.noindex/ListeningTraining.build/Release-iphoneos/ListeningTraining.build/DerivedSources/ListeningTraining-Swift.h /Users/runner/work/ielts-memory-app/ielts-memory-app/build/Build/Intermediates.noindex/ListeningTraining.build/Release-iphoneos/ListeningTraining.build/Objects-normal/arm64/ListeningTraining-Swift.h (in target 'ListeningTraining' from project 'ListeningTraining')
    cd /Users/runner/work/ielts-memory-app/ielts-memory-app/AltStore-App
    builtin-swiftHeaderTool -arch arm64 /Users/runner/work/ielts-memory-app/ielts-memory-app/build/Build/Intermediates.noindex/ListeningTraining.build/Release-iphoneos/ListeningTraining.build/Objects-normal/arm64/ListeningTraining-Swift.h -o /Users/runner/work/ielts-memory-app/ielts-memory-app/build/Build/Intermediates.noindex/ListeningTraining.build/Release-iphoneos/ListeningTraining.build/DerivedSources/ListeningTraining-Swift.h

Copy /Users/runner/work/ielts-memory-app/ielts-memory-app/build/Build/Products/Release-iphoneos/ListeningTraining.swiftmodule/arm64-apple-ios.swiftmodule /Users/runner/work/ielts-memory-app/ielts-memory-app/build/Build/Intermediates.noindex/ListeningTraining.build/Release-iphoneos/ListeningTraining.build/Objects-normal/arm64/ListeningTraining.swiftmodule (in target 'ListeningTraining' from project 'ListeningTraining')
    cd /Users/runner/work/ielts-memory-app/ielts-memory-app/AltStore-App
    builtin-copy -exclude .DS_Store -exclude CVS -exclude .svn -exclude .git -exclude .hg -resolve-src-symlinks -rename /Users/runner/work/ielts-memory-app/ielts-memory-app/build/Build/Intermediates.noindex/ListeningTraining.build/Release-iphoneos/ListeningTraining.build/Objects-normal/arm64/ListeningTraining.swiftmodule /Users/runner/work/ielts-memory-app/ielts-memory-app/build/Build/Products/Release-iphoneos/ListeningTraining.swiftmodule/arm64-apple-ios.swiftmodule

Copy /Users/runner/work/ielts-memory-app/ielts-memory-app/build/Build/Products/Release-iphoneos/ListeningTraining.swiftmodule/arm64-apple-ios.swiftdoc /Users/runner/work/ielts-memory-app/ielts-memory-app/build/Build/Intermediates.noindex/ListeningTraining.build/Release-iphoneos/ListeningTraining.build/Objects-normal/arm64/ListeningTraining.swiftdoc (in target 'ListeningTraining' from project 'ListeningTraining')
    cd /Users/runner/work/ielts-memory-app/ielts-memory-app/AltStore-App
    builtin-copy -exclude .DS_Store -exclude CVS -exclude .svn -exclude .git -exclude .hg -resolve-src-symlinks -rename /Users/runner/work/ielts-memory-app/ielts-memory-app/build/Build/Intermediates.noindex/ListeningTraining.build/Release-iphoneos/ListeningTraining.build/Objects-normal/arm64/ListeningTraining.swiftdoc /Users/runner/work/ielts-memory-app/ielts-memory-app/build/Build/Products/Release-iphoneos/ListeningTraining.swiftmodule/arm64-apple-ios.swiftdoc

Copy /Users/runner/work/ielts-memory-app/ielts-memory-app/build/Build/Products/Release-iphoneos/ListeningTraining.swiftmodule/arm64-apple-ios.abi.json /Users/runner/work/ielts-memory-app/ielts-memory-app/build/Build/Intermediates.noindex/ListeningTraining.build/Release-iphoneos/ListeningTraining.build/Objects-normal/arm64/ListeningTraining.abi.json (in target 'ListeningTraining' from project 'ListeningTraining')
    cd /Users/runner/work/ielts-memory-app/ielts-memory-app/AltStore-App
    builtin-copy -exclude .DS_Store -exclude CVS -exclude .svn -exclude .git -exclude .hg -resolve-src-symlinks -rename /Users/runner/work/ielts-memory-app/ielts-memory-app/build/Build/Intermediates.noindex/ListeningTraining.build/Release-iphoneos/ListeningTraining.build/Objects-normal/arm64/ListeningTraining.abi.json /Users/runner/work/ielts-memory-app/ielts-memory-app/build/Build/Products/Release-iphoneos/ListeningTraining.swiftmodule/arm64-apple-ios.abi.json

Copy /Users/runner/work/ielts-memory-app/ielts-memory-app/build/Build/Products/Release-iphoneos/ListeningTraining.swiftmodule/Project/arm64-apple-ios.swiftsourceinfo /Users/runner/work/ielts-memory-app/ielts-memory-app/build/Build/Intermediates.noindex/ListeningTraining.build/Release-iphoneos/ListeningTraining.build/Objects-normal/arm64/ListeningTraining.swiftsourceinfo (in target 'ListeningTraining' from project 'ListeningTraining')
    cd /Users/runner/work/ielts-memory-app/ielts-memory-app/AltStore-App
    builtin-copy -exclude .DS_Store -exclude CVS -exclude .svn -exclude .git -exclude .hg -resolve-src-symlinks -rename /Users/runner/work/ielts-memory-app/ielts-memory-app/build/Build/Intermediates.noindex/ListeningTraining.build/Release-iphoneos/ListeningTraining.build/Objects-normal/arm64/ListeningTraining.swiftsourceinfo /Users/runner/work/ielts-memory-app/ielts-memory-app/build/Build/Products/Release-iphoneos/ListeningTraining.swiftmodule/Project/arm64-apple-ios.swiftsourceinfo

Ld /Users/runner/work/ielts-memory-app/ielts-memory-app/build/Build/Products/Release-iphoneos/ListeningTraining.app/ListeningTraining normal (in target 'ListeningTraining' from project 'ListeningTraining')
    cd /Users/runner/work/ielts-memory-app/ielts-memory-app/AltStore-App
    /Applications/Xcode_16.4.app/Contents/Developer/Toolchains/XcodeDefault.xctoolchain/usr/bin/clang -Xlinker -reproducible -target arm64-apple-ios16.0 -isysroot /Applications/Xcode_16.4.app/Contents/Developer/Platforms/iPhoneOS.platform/Developer/SDKs/iPhoneOS18.5.sdk -Os -L/Users/runner/work/ielts-memory-app/ielts-memory-app/build/Build/Intermediates.noindex/EagerLinkingTBDs/Release-iphoneos -L/Users/runner/work/ielts-memory-app/ielts-memory-app/build/Build/Products/Release-iphoneos -F/Users/runner/work/ielts-memory-app/ielts-memory-app/build/Build/Intermediates.noindex/EagerLinkingTBDs/Release-iphoneos -F/Users/runner/work/ielts-memory-app/ielts-memory-app/build/Build/Products/Release-iphoneos -filelist /Users/runner/work/ielts-memory-app/ielts-memory-app/build/Build/Intermediates.noindex/ListeningTraining.build/Release-iphoneos/ListeningTraining.build/Objects-normal/arm64/ListeningTraining.LinkFileList -Xlinker -rpath -Xlinker @executable_path/Frameworks -dead_strip -Xlinker -object_path_lto -Xlinker /Users/runner/work/ielts-memory-app/ielts-memory-app/build/Build/Intermediates.noindex/ListeningTraining.build/Release-iphoneos/ListeningTraining.build/Objects-normal/arm64/ListeningTraining_lto.o -Xlinker -dependency_info -Xlinker /Users/runner/work/ielts-memory-app/ielts-memory-app/build/Build/Intermediates.noindex/ListeningTraining.build/Release-iphoneos/ListeningTraining.build/Objects-normal/arm64/ListeningTraining_dependency_info.dat -fobjc-link-runtime -L/Applications/Xcode_16.4.app/Contents/Developer/Toolchains/XcodeDefault.xctoolchain/usr/lib/swift/iphoneos -L/usr/lib/swift -Xlinker -add_ast_path -Xlinker /Users/runner/work/ielts-memory-app/ielts-memory-app/build/Build/Intermediates.noindex/ListeningTraining.build/Release-iphoneos/ListeningTraining.build/Objects-normal/arm64/ListeningTraining.swiftmodule -o /Users/runner/work/ielts-memory-app/ielts-memory-app/build/Build/Products/Release-iphoneos/ListeningTraining.app/ListeningTraining

LinkAssetCatalog /Users/runner/work/ielts-memory-app/ielts-memory-app/AltStore-App/Assets.xcassets (in target 'ListeningTraining' from project 'ListeningTraining')
    cd /Users/runner/work/ielts-memory-app/ielts-memory-app/AltStore-App
    builtin-linkAssetCatalog --thinned /Users/runner/work/ielts-memory-app/ielts-memory-app/build/Build/Intermediates.noindex/ListeningTraining.build/Release-iphoneos/ListeningTraining.build/assetcatalog_output/thinned --thinned-dependencies /Users/runner/work/ielts-memory-app/ielts-memory-app/build/Build/Intermediates.noindex/ListeningTraining.build/Release-iphoneos/ListeningTraining.build/assetcatalog_dependencies_thinned --thinned-info-plist-content /Users/runner/work/ielts-memory-app/ielts-memory-app/build/Build/Intermediates.noindex/ListeningTraining.build/Release-iphoneos/ListeningTraining.build/assetcatalog_generated_info.plist_thinned --unthinned /Users/runner/work/ielts-memory-app/ielts-memory-app/build/Build/Intermediates.noindex/ListeningTraining.build/Release-iphoneos/ListeningTraining.build/assetcatalog_output/unthinned --unthinned-dependencies /Users/runner/work/ielts-memory-app/ielts-memory-app/build/Build/Intermediates.noindex/ListeningTraining.build/Release-iphoneos/ListeningTraining.build/assetcatalog_dependencies_unthinned --unthinned-info-plist-content /Users/runner/work/ielts-memory-app/ielts-memory-app/build/Build/Intermediates.noindex/ListeningTraining.build/Release-iphoneos/ListeningTraining.build/assetcatalog_generated_info.plist_unthinned --output /Users/runner/work/ielts-memory-app/ielts-memory-app/build/Build/Products/Release-iphoneos/ListeningTraining.app --plist-output /Users/runner/work/ielts-memory-app/ielts-memory-app/build/Build/Intermediates.noindex/ListeningTraining.build/Release-iphoneos/ListeningTraining.build/assetcatalog_generated_info.plist
note: Emplaced /Users/runner/work/ielts-memory-app/ielts-memory-app/build/Build/Products/Release-iphoneos/ListeningTraining.app/AppIcon76x76@2x~ipad.png (in target 'ListeningTraining' from project 'ListeningTraining')
note: Emplaced /Users/runner/work/ielts-memory-app/ielts-memory-app/build/Build/Products/Release-iphoneos/ListeningTraining.app/AppIcon60x60@2x.png (in target 'ListeningTraining' from project 'ListeningTraining')
note: Emplaced /Users/runner/work/ielts-memory-app/ielts-memory-app/build/Build/Products/Release-iphoneos/ListeningTraining.app/Assets.car (in target 'ListeningTraining' from project 'ListeningTraining')

ProcessInfoPlistFile /Users/runner/work/ielts-memory-app/ielts-memory-app/build/Build/Products/Release-iphoneos/ListeningTraining.app/Info.plist /Users/runner/work/ielts-memory-app/ielts-memory-app/build/Build/Intermediates.noindex/ListeningTraining.build/Release-iphoneos/ListeningTraining.build/empty-ListeningTraining.plist (in target 'ListeningTraining' from project 'ListeningTraining')
    cd /Users/runner/work/ielts-memory-app/ielts-memory-app/AltStore-App
    builtin-infoPlistUtility /Users/runner/work/ielts-memory-app/ielts-memory-app/build/Build/Intermediates.noindex/ListeningTraining.build/Release-iphoneos/ListeningTraining.build/empty-ListeningTraining.plist -producttype com.apple.product-type.application -genpkginfo /Users/runner/work/ielts-memory-app/ielts-memory-app/build/Build/Products/Release-iphoneos/ListeningTraining.app/PkgInfo -expandbuildsettings -format binary -platform iphoneos -additionalcontentfile /Users/runner/work/ielts-memory-app/ielts-memory-app/build/Build/Intermediates.noindex/ListeningTraining.build/Release-iphoneos/ListeningTraining.build/assetcatalog_generated_info.plist -requiredArchitecture arm64 -o /Users/runner/work/ielts-memory-app/ielts-memory-app/build/Build/Products/Release-iphoneos/ListeningTraining.app/Info.plist

ExtractAppIntentsMetadata (in target 'ListeningTraining' from project 'ListeningTraining')
    cd /Users/runner/work/ielts-memory-app/ielts-memory-app/AltStore-App
    /Applications/Xcode_16.4.app/Contents/Developer/Toolchains/XcodeDefault.xctoolchain/usr/bin/appintentsmetadataprocessor --toolchain-dir /Applications/Xcode_16.4.app/Contents/Developer/Toolchains/XcodeDefault.xctoolchain --module-name ListeningTraining --sdk-root /Applications/Xcode_16.4.app/Contents/Developer/Platforms/iPhoneOS.platform/Developer/SDKs/iPhoneOS18.5.sdk --xcode-version 16F6 --platform-family iOS --deployment-target 16.0 --bundle-identifier com.personal.listeningtraining --output /Users/runner/work/ielts-memory-app/ielts-memory-app/build/Build/Products/Release-iphoneos/ListeningTraining.app --target-triple arm64-apple-ios16.0 --binary-file /Users/runner/work/ielts-memory-app/ielts-memory-app/build/Build/Products/Release-iphoneos/ListeningTraining.app/ListeningTraining --dependency-file /Users/runner/work/ielts-memory-app/ielts-memory-app/build/Build/Intermediates.noindex/ListeningTraining.build/Release-iphoneos/ListeningTraining.build/Objects-normal/arm64/ListeningTraining_dependency_info.dat --stringsdata-file /Users/runner/work/ielts-memory-app/ielts-memory-app/build/Build/Intermediates.noindex/ListeningTraining.build/Release-iphoneos/ListeningTraining.build/Objects-normal/arm64/ExtractedAppShortcutsMetadata.stringsdata --source-file-list /Users/runner/work/ielts-memory-app/ielts-memory-app/build/Build/Intermediates.noindex/ListeningTraining.build/Release-iphoneos/ListeningTraining.build/Objects-normal/arm64/ListeningTraining.SwiftFileList --metadata-file-list /Users/runner/work/ielts-memory-app/ielts-memory-app/build/Build/Intermediates.noindex/ListeningTraining.build/Release-iphoneos/ListeningTraining.build/ListeningTraining.DependencyMetadataFileList --static-metadata-file-list /Users/runner/work/ielts-memory-app/ielts-memory-app/build/Build/Intermediates.noindex/ListeningTraining.build/Release-iphoneos/ListeningTraining.build/ListeningTraining.DependencyStaticMetadataFileList --swift-const-vals-list /Users/runner/work/ielts-memory-app/ielts-memory-app/build/Build/Intermediates.noindex/ListeningTraining.build/Release-iphoneos/ListeningTraining.build/Objects-normal/arm64/ListeningTraining.SwiftConstValuesFileList --compile-time-extraction --deployment-aware-processing --validate-assistant-intents --no-app-shortcuts-localization
2026-07-06 08:15:48.156 appintentsmetadataprocessor[5349:18550] Starting appintentsmetadataprocessor export
2026-07-06 08:15:48.171 appintentsmetadataprocessor[5349:18550] warning: Metadata extraction skipped. No AppIntents.framework dependency found.

CopySwiftLibs /Users/runner/work/ielts-memory-app/ielts-memory-app/build/Build/Products/Release-iphoneos/ListeningTraining.app (in target 'ListeningTraining' from project 'ListeningTraining')
    cd /Users/runner/work/ielts-memory-app/ielts-memory-app/AltStore-App
    builtin-swiftStdLibTool --copy --verbose --scan-executable /Users/runner/work/ielts-memory-app/ielts-memory-app/build/Build/Products/Release-iphoneos/ListeningTraining.app/ListeningTraining --scan-folder /Users/runner/work/ielts-memory-app/ielts-memory-app/build/Build/Products/Release-iphoneos/ListeningTraining.app/Frameworks --scan-folder /Users/runner/work/ielts-memory-app/ielts-memory-app/build/Build/Products/Release-iphoneos/ListeningTraining.app/PlugIns --scan-folder /Users/runner/work/ielts-memory-app/ielts-memory-app/build/Build/Products/Release-iphoneos/ListeningTraining.app/SystemExtensions --scan-folder /Users/runner/work/ielts-memory-app/ielts-memory-app/build/Build/Products/Release-iphoneos/ListeningTraining.app/Extensions --platform iphoneos --toolchain /Applications/Xcode_16.4.app/Contents/Developer/Toolchains/XcodeDefault.xctoolchain --destination /Users/runner/work/ielts-memory-app/ielts-memory-app/build/Build/Products/Release-iphoneos/ListeningTraining.app/Frameworks --strip-bitcode --strip-bitcode-tool /Applications/Xcode_16.4.app/Contents/Developer/Toolchains/XcodeDefault.xctoolchain/usr/bin/bitcode_strip --emit-dependency-info /Users/runner/work/ielts-memory-app/ielts-memory-app/build/Build/Intermediates.noindex/ListeningTraining.build/Release-iphoneos/ListeningTraining.build/SwiftStdLibToolInputDependencies.dep --filter-for-swift-os
Ignoring --strip-bitcode because --sign was not passed

GenerateDSYMFile /Users/runner/work/ielts-memory-app/ielts-memory-app/build/Build/Products/Release-iphoneos/ListeningTraining.app.dSYM /Users/runner/work/ielts-memory-app/ielts-memory-app/build/Build/Products/Release-iphoneos/ListeningTraining.app/ListeningTraining (in target 'ListeningTraining' from project 'ListeningTraining')
    cd /Users/runner/work/ielts-memory-app/ielts-memory-app/AltStore-App
    /Applications/Xcode_16.4.app/Contents/Developer/Toolchains/XcodeDefault.xctoolchain/usr/bin/dsymutil /Users/runner/work/ielts-memory-app/ielts-memory-app/build/Build/Products/Release-iphoneos/ListeningTraining.app/ListeningTraining -o /Users/runner/work/ielts-memory-app/ielts-memory-app/build/Build/Products/Release-iphoneos/ListeningTraining.app.dSYM

AppIntentsSSUTraining (in target 'ListeningTraining' from project 'ListeningTraining')
    cd /Users/runner/work/ielts-memory-app/ielts-memory-app/AltStore-App
    /Applications/Xcode_16.4.app/Contents/Developer/Toolchains/XcodeDefault.xctoolchain/usr/bin/appintentsnltrainingprocessor --infoplist-path /Users/runner/work/ielts-memory-app/ielts-memory-app/build/Build/Products/Release-iphoneos/ListeningTraining.app/Info.plist --temp-dir-path /Users/runner/work/ielts-memory-app/ielts-memory-app/build/Build/Intermediates.noindex/ListeningTraining.build/Release-iphoneos/ListeningTraining.build/ssu --bundle-id com.personal.listeningtraining --product-path /Users/runner/work/ielts-memory-app/ielts-memory-app/build/Build/Products/Release-iphoneos/ListeningTraining.app --extracted-metadata-path /Users/runner/work/ielts-memory-app/ielts-memory-app/build/Build/Products/Release-iphoneos/ListeningTraining.app/Metadata.appintents --metadata-file-list /Users/runner/work/ielts-memory-app/ielts-memory-app/build/Build/Intermediates.noindex/ListeningTraining.build/Release-iphoneos/ListeningTraining.build/ListeningTraining.DependencyMetadataFileList --archive-ssu-assets
2026-07-06 08:15:48.224 appintentsnltrainingprocessor[5354:18585] Parsing options for appintentsnltrainingprocessor
2026-07-06 08:15:48.225 appintentsnltrainingprocessor[5354:18585] No AppShortcuts found - Skipping.

RegisterExecutionPolicyException /Users/runner/work/ielts-memory-app/ielts-memory-app/build/Build/Products/Release-iphoneos/ListeningTraining.app (in target 'ListeningTraining' from project 'ListeningTraining')
    cd /Users/runner/work/ielts-memory-app/ielts-memory-app/AltStore-App
    builtin-RegisterExecutionPolicyException /Users/runner/work/ielts-memory-app/ielts-memory-app/build/Build/Products/Release-iphoneos/ListeningTraining.app

Validate /Users/runner/work/ielts-memory-app/ielts-memory-app/build/Build/Products/Release-iphoneos/ListeningTraining.app (in target 'ListeningTraining' from project 'ListeningTraining')
    cd /Users/runner/work/ielts-memory-app/ielts-memory-app/AltStore-App
    builtin-validationUtility /Users/runner/work/ielts-memory-app/ielts-memory-app/build/Build/Products/Release-iphoneos/ListeningTraining.app -infoplist-subpath Info.plist

Touch /Users/runner/work/ielts-memory-app/ielts-memory-app/build/Build/Products/Release-iphoneos/ListeningTraining.app (in target 'ListeningTraining' from project 'ListeningTraining')
    cd /Users/runner/work/ielts-memory-app/ielts-memory-app/AltStore-App
    /usr/bin/touch -c /Users/runner/work/ielts-memory-app/ielts-memory-app/build/Build/Products/Release-iphoneos/ListeningTraining.app

note: Disabling previews because SWIFT_VERSION is set and SWIFT_OPTIMIZATION_LEVEL=-O, expected -Onone (in target 'ListeningTraining' from project 'ListeningTraining')
** BUILD SUCCEEDED **

